<?xml version="1.0" encoding="UTF-8"?>
<testsuite name="TaskTest" tests="2" skipped="0" failures="0" errors="0" timestamp="2015-07-29T15:04:23" hostname="Michaels-MacBook-Pro-2.local" time="0.002">
  <properties/>
  <testcase name="task_instantiatesWithDescription_true" classname="TaskTest" time="0.001"/>
  <testcase name="Task_instantiatesCorrectly_true" classname="TaskTest" time="0.0"/>
  <system-out><![CDATA[]]></system-out>
  <system-err><![CDATA[]]></system-err>
</testsuite>
